Tue, 06 Dec 2022 16:49:01 GMT
catchAll error
Stack: Error: ER_SP_DOES_NOT_EXIST: FUNCTION devmeetingapp.DATA_FORMAT does not exist
    at Query.Sequence._packetToError (C:\Classes\Task C - FullStack Project\Dev Meeting App - Task C\Backend\node_modules\mysql\lib\protocol\sequences\Sequence.js:47:14)
    at Query.ErrorPacket (C:\Classes\Task C - FullStack Project\Dev Meeting App - Task C\Backend\node_modules\mysql\lib\protocol\sequences\Query.js:79:18)
    at Protocol._parsePacket (C:\Classes\Task C - FullStack Project\Dev Meeting App - Task C\Backend\node_modules\mysql\lib\protocol\Protocol.js:291:23)
    at Parser._parsePacket (C:\Classes\Task C - FullStack Project\Dev Meeting App - Task C\Backend\node_modules\mysql\lib\protocol\Parser.js:433:10)
    at Parser.write (C:\Classes\Task C - FullStack Project\Dev Meeting App - Task C\Backend\node_modules\mysql\lib\protocol\Parser.js:43:10)
    at Protocol.write (C:\Classes\Task C - FullStack Project\Dev Meeting App - Task C\Backend\node_modules\mysql\lib\protocol\Protocol.js:38:16)
    at Socket.<anonymous> (C:\Classes\Task C - FullStack Project\Dev Meeting App - Task C\Backend\node_modules\mysql\lib\Connection.js:88:28)
    at Socket.<anonymous> (C:\Classes\Task C - FullStack Project\Dev Meeting App - Task C\Backend\node_modules\mysql\lib\Connection.js:526:10)
    at Socket.emit (node:events:527:28)
    at Socket.emit (node:domain:475:12)
    --------------------
    at Pool.query (C:\Classes\Task C - FullStack Project\Dev Meeting App - Task C\Backend\node_modules\mysql\lib\Pool.js:199:23)
    at C:\Classes\Task C - FullStack Project\Dev Meeting App - Task C\Backend\src\2-utils\dal.ts:14:20
    at new Promise (<anonymous>)
    at Object.execute (C:\Classes\Task C - FullStack Project\Dev Meeting App - Task C\Backend\src\2-utils\dal.ts:13:12)
    at Object.<anonymous> (C:\Classes\Task C - FullStack Project\Dev Meeting App - Task C\Backend\src\5-logic\teams-logic.ts:29:32)
    at step (C:\Classes\Task C - FullStack Project\Dev Meeting App - Task C\Backend\src\5-logic\teams-logic.ts:33:23)
    at Object.next (C:\Classes\Task C - FullStack Project\Dev Meeting App - Task C\Backend\src\5-logic\teams-logic.ts:14:53)
    at C:\Classes\Task C - FullStack Project\Dev Meeting App - Task C\Backend\src\5-logic\teams-logic.ts:8:71
    at new Promise (<anonymous>)
    at __awaiter (C:\Classes\Task C - FullStack Project\Dev Meeting App - Task C\Backend\src\5-logic\teams-logic.ts:4:12)
----------------------------------------------------------------------------------------------------
